<?xml version="1.0" encoding="UTF-8"?>
<!-- Generated by org.testng.reporters.JUnitReportReporter -->
<testsuite ignored="0" hostname="Karan-Lenovo" failures="0" tests="1" name="test.NewTest" time="0.029" errors="0" timestamp="30 Aug 2021 20:25:10 GMT" skipped="0">
  <testcase classname="test.NewTest" name="f" time="0.029"/>
</testsuite> <!-- test.NewTest -->
